<?xml version="1.0" encoding="UTF-8"?>
<testng-results skipped="0" failed="0" ignored="0" total="1" passed="1">
  <reporter-output>
  </reporter-output>
  <suite name="Default suite" duration-ms="160" started-at="2022-03-28T08:34:19 IST" finished-at="2022-03-28T08:34:20 IST">
    <groups>
    </groups>
    <test name="Default test" duration-ms="160" started-at="2022-03-28T08:34:19 IST" finished-at="2022-03-28T08:34:20 IST">
      <class name="training.selenium.study.TestNg">
        <test-method status="PASS" signature="demo()[pri:0, instance:training.selenium.study.TestNg@60285225]" name="demo" duration-ms="22" started-at="2022-03-28T08:34:20 IST" finished-at="2022-03-28T08:34:20 IST">
          <reporter-output>
          </reporter-output>
        </test-method> <!-- demo -->
      </class> <!-- training.selenium.study.TestNg -->
    </test> <!-- Default test -->
  </suite> <!-- Default suite -->
</testng-results>
